<?xml version="1.0" encoding="UTF-8"?>
<!-- Generated by org.testng.reporters.JUnitReportReporter -->
<testsuite hostname="DESKTOP-C20COO2" failures="0" tests="3" name="restAssure.ValidationResponseStatus" time="3.301" errors="0" timestamp="2022-02-18T11:54:29 IST" skipped="0">
  <testcase classname="restAssure.ValidationResponseStatus" name="ValidationResponseStatus" time="0.088"/>
  <system-out/>
  <testcase classname="restAssure.ValidationResponseStatus" name="ValidateResponseStatus1" time="3.096"/>
  <system-out/>
  <testcase classname="restAssure.ValidationResponseStatus" name="ValidateResponseStatus2" time="0.117"/>
  <system-out/>
</testsuite> <!-- restAssure.ValidationResponseStatus -->
