<?xml version="1.0" encoding="UTF-8"?>
<!-- Generated by org.testng.reporters.JUnitReportReporter -->
<testsuite hostname="DESKTOP-C20COO2" failures="0" tests="2" name="negative_validation" time="5.361" errors="0" timestamp="2022-02-18T12:58:51 IST" skipped="0">
  <testcase classname="negative_validation" name="ValidateResponseStatus2" time="1.075"/>
  <system-out/>
  <testcase classname="negative_validation" name="ValidateResponseStatus1" time="4.286"/>
  <system-out/>
</testsuite> <!-- negative_validation -->
