<?xml version="1.0" encoding="UTF-8"?>
<!-- Generated by org.testng.reporters.JUnitReportReporter -->
<testsuite hostname="DESKTOP-C20COO2" failures="0" tests="3" name="Stepdefinations.definations" time="2.448" errors="0" timestamp="2022-02-21T14:54:49 IST" skipped="0">
  <testcase classname="Stepdefinations.definations" name="passing_values_from_get_method" time="2.297"/>
  <system-out/>
  <testcase classname="Stepdefinations.definations" name="validate_response_received" time="0.139"/>
  <system-out/>
  <testcase classname="Stepdefinations.definations" name="user_is_on_api" time="0.012"/>
  <system-out/>
</testsuite> <!-- Stepdefinations.definations -->
