<?xml version="1.0" encoding="UTF-8"?>
<!-- Generated by org.testng.reporters.JUnitReportReporter -->
<testsuite hostname="DESKTOP-C20COO2" failures="0" tests="1" name="Negative_scenario" time="6.574" errors="0" timestamp="2022-02-18T11:29:42 IST" skipped="0">
  <testcase classname="Negative_scenario" name="login" time="6.574"/>
  <system-out/>
</testsuite> <!-- Negative_scenario -->
