<?xml version="1.0" encoding="UTF-8"?>
<!-- Generated by org.testng.reporters.JUnitReportReporter -->
<testsuite hostname="DESKTOP-C20COO2" failures="0" tests="3" name="data_parameterize" time="3.927" errors="0" timestamp="2022-02-18T17:43:07 IST" skipped="0">
  <testcase classname="data_parameterize" name="test_delete" time="0.453"/>
  <system-out/>
  <testcase classname="data_parameterize" name="test_delete" time="2.984"/>
  <system-out/>
  <testcase classname="data_parameterize" name="test_delete" time="0.490"/>
  <system-out/>
</testsuite> <!-- data_parameterize -->
